<?xml version="1.0" encoding="UTF-8"?>
<!-- Generated by org.testng.reporters.JUnitReportReporter -->
<testsuite skipped="0" hostname="197NODNB10307" name="test.day1" tests="1" failures="0" timestamp="19 Apr 2021 16:43:52 GMT" time="0.007" errors="0">
  <testcase name="Demo" time="0.007" classname="test.day1"/>
</testsuite> <!-- test.day1 -->
