<?xml version="1.0" encoding="UTF-8"?>
<!-- Generated by org.testng.reporters.JUnitReportReporter -->
<testsuite skipped="0" hostname="197NODNB10307" name="test.day3" tests="6" failures="0" timestamp="19 Apr 2021 16:43:52 GMT" time="0.063" errors="0">
  <testcase name="MobilesignoutcarLoan" time="0.006" classname="test.day3"/>
  <testcase name="MobilesignoutcarLoan" time="0.009" classname="test.day3"/>
  <testcase name="MobilesignoutcarLoan" time="0.010" classname="test.day3"/>
  <testcase name="MobileLogincarLoan" time="0.021" classname="test.day3"/>
  <testcase name="MobilesignimcarLoan" time="0.013" classname="test.day3"/>
  <testcase name="WebloginCarLoan" time="0.004" classname="test.day3"/>
</testsuite> <!-- test.day3 -->
