<?xml version="1.0" encoding="UTF-8"?>
<!-- Generated by org.testng.reporters.JUnitReportReporter -->
<testsuite skipped="0" hostname="197NODNB10307" name="test.day4" tests="3" failures="0" timestamp="19 Apr 2021 16:43:52 GMT" time="0.012" errors="0">
  <testcase name="MobileLoginHomeLoan" time="0.006" classname="test.day4"/>
  <testcase name="LoginAPIHomeLoan" time="0.004" classname="test.day4"/>
  <testcase name="WebloginHomeLoan" time="0.002" classname="test.day4"/>
</testsuite> <!-- test.day4 -->
