<?xml version="1.0" encoding="UTF-8"?>
<!-- Generated by org.testng.reporters.JUnitReportReporter -->
<testsuite skipped="0" hostname="197NODNB10307" name="test.day2" tests="1" failures="0" timestamp="19 Apr 2021 16:43:52 GMT" time="0.003" errors="0">
  <testcase name="ploan" time="0.003" classname="test.day2"/>
</testsuite> <!-- test.day2 -->
